Thu Jul 16 09:42:51 PM MSK 2026
[2026-07-16 21:42:56,374] torch.distributed.run: [WARNING] 
[2026-07-16 21:42:56,374] torch.distributed.run: [WARNING] *****************************************
[2026-07-16 21:42:56,374] torch.distributed.run: [WARNING] Setting OMP_NUM_THREADS environment variable for each process to be 1 in default, to avoid your system being overloaded, please further tune the variable for optimal performance in your application as needed. 
[2026-07-16 21:42:56,374] torch.distributed.run: [WARNING] *****************************************
Traceback (most recent call last):
  File "/external/nfs/01-home/vsefishman/envs/genatator_pipeline/lib/python3.11/site-packages/transformers/utils/hub.py", line 479, in cached_files
    hf_hub_download(
Traceback (most recent call last):
  File "/external/nfs/01-home/vsefishman/envs/genatator_pipeline/lib/python3.11/site-packages/huggingface_hub/utils/_validators.py", line 114, in _inner_fn
  File "/external/nfs/01-home/vsefishman/envs/genatator_pipeline/lib/python3.11/site-packages/transformers/utils/hub.py", line 479, in cached_files
    hf_hub_download(
    return fn(*args, **kwargs)
  File "/external/nfs/01-home/vsefishman/envs/genatator_pipeline/lib/python3.11/site-packages/huggingface_hub/utils/_validators.py", line 114, in _inner_fn
      Traceback (most recent call last):
  Traceback (most recent call last):
return fn(*args, **kwargs)
    File "/external/nfs/01-home/vsefishman/envs/genatator_pipeline/lib/python3.11/site-packages/transformers/utils/hub.py", line 479, in cached_files
     File "/external/nfs/01-home/vsefishman/envs/genatator_pipeline/lib/python3.11/site-packages/transformers/utils/hub.py", line 479, in cached_files
      Traceback (most recent call last):
  hf_hub_download(
       ^hf_hub_download(
    File "/external/nfs/01-home/vsefishman/envs/genatator_pipeline/lib/python3.11/site-packages/transformers/utils/hub.py", line 479, in cached_files
^^  File "/external/nfs/01-home/vsefishman/envs/genatator_pipeline/lib/python3.11/site-packages/huggingface_hub/utils/_validators.py", line 114, in _inner_fn
      ^^  File "/external/nfs/01-home/vsefishman/envs/genatator_pipeline/lib/python3.11/site-packages/huggingface_hub/utils/_validators.py", line 114, in _inner_fn
      hf_hub_download(
^^    return fn(*args, **kwargs)
^^^^return fn(*args, **kwargs)
 ^^  File "/external/nfs/01-home/vsefishman/envs/genatator_pipeline/lib/python3.11/site-packages/huggingface_hub/utils/_validators.py", line 114, in _inner_fn
^^   ^^    ^^    ^^return fn(*args, **kwargs)
^^    ^^ ^^    ^^  ^^    ^^  
  ^^^^    File "/external/nfs/01-home/vsefishman/envs/genatator_pipeline/lib/python3.11/site-packages/huggingface_hub/file_download.py", line 1014, in hf_hub_download
^^^^^^  ^^    ^^^
  ^^return _hf_hub_download_to_cache_dir(
^^  File "/external/nfs/01-home/vsefishman/envs/genatator_pipeline/lib/python3.11/site-packages/huggingface_hub/file_download.py", line 1014, in hf_hub_download
^^^^ ^^    ^^^^  ^^return _hf_hub_download_to_cache_dir(
^^^^  ^^ ^^^^  ^^  ^^^^  ^^  ^^^^  ^
  ^^^
^^  File "/external/nfs/01-home/vsefishman/envs/genatator_pipeline/lib/python3.11/site-packages/huggingface_hub/file_download.py", line 1014, in hf_hub_download
  ^^Traceback (most recent call last):
Traceback (most recent call last):
  File "/external/nfs/01-home/vsefishman/envs/genatator_pipeline/lib/python3.11/site-packages/huggingface_hub/file_download.py", line 1014, in hf_hub_download
^^      ^^  File "/external/nfs/01-home/vsefishman/envs/genatator_pipeline/lib/python3.11/site-packages/transformers/utils/hub.py", line 479, in cached_files
  File "/external/nfs/01-home/vsefishman/envs/genatator_pipeline/lib/python3.11/site-packages/transformers/utils/hub.py", line 479, in cached_files
    ^^return _hf_hub_download_to_cache_dir(
^^^
    return _hf_hub_download_to_cache_dir(
 ^^ Traceback (most recent call last):
^^  File "/external/nfs/01-home/vsefishman/envs/genatator_pipeline/lib/python3.11/site-packages/huggingface_hub/file_download.py", line 1014, in hf_hub_download
hf_hub_download(
    hf_hub_download(  ^^  ^^      File "/external/nfs/01-home/vsefishman/envs/genatator_pipeline/lib/python3.11/site-packages/huggingface_hub/utils/_validators.py", line 114, in _inner_fn

  ^^    File "/external/nfs/01-home/vsefishman/envs/genatator_pipeline/lib/python3.11/site-packages/transformers/utils/hub.py", line 479, in cached_files
^^return _hf_hub_download_to_cache_dir(
   File "/external/nfs/01-home/vsefishman/envs/genatator_pipeline/lib/python3.11/site-packages/huggingface_hub/utils/_validators.py", line 114, in _inner_fn
  ^^      ^^    return fn(*args, **kwargs)        ^^  hf_hub_download(
^^
    return fn(*args, **kwargs)
^^  ^^   ^^ ^^^^  File "/external/nfs/01-home/vsefishman/envs/genatator_pipeline/lib/python3.11/site-packages/huggingface_hub/utils/_validators.py", line 114, in _inner_fn
^^    ^^  ^^^^    ^^    ^^  ^^^^return fn(*args, **kwargs)
^^  ^^^^  ^^^^ ^^  ^^^^  ^^^^  ^^  ^^^^  ^^^^  ^^^^^^^^^^
^^  ^^^^^^^^^^  File "/external/nfs/01-home/vsefishman/envs/genatator_pipeline/lib/python3.11/site-packages/huggingface_hub/file_download.py", line 1121, in _hf_hub_download_to_cache_dir
^^  ^^^^^^^^^^    ^^  
^^^^^^^^_raise_on_head_call_error(head_call_error, force_download, local_files_only)
^^^^  File "/external/nfs/01-home/vsefishman/envs/genatator_pipeline/lib/python3.11/site-packages/huggingface_hub/file_download.py", line 1121, in _hf_hub_download_to_cache_dir
^^^^^^^^  File "/external/nfs/01-home/vsefishman/envs/genatator_pipeline/lib/python3.11/site-packages/huggingface_hub/file_download.py", line 1653, in _raise_on_head_call_error
^^^^    ^^^^^^^^    ^^^^_raise_on_head_call_error(head_call_error, force_download, local_files_only)
^^^^^^^^raise LocalEntryNotFoundError(
^^^^  File "/external/nfs/01-home/vsefishman/envs/genatator_pipeline/lib/python3.11/site-packages/huggingface_hub/file_download.py", line 1653, in _raise_on_head_call_error
^^^^^^^^huggingface_hub.errors^^^^^^    ^^^^^^.LocalEntryNotFoundError^^^^^
raise LocalEntryNotFoundError(
^^
^
: Cannot find the requested files in the disk cache and outgoing traffic has been disabled. To enable hf.co look-ups and downloads online, set 'local_files_only' to False.
^^  File "/external/nfs/01-home/vsefishman/envs/genatator_pipeline/lib/python3.11/site-packages/huggingface_hub/file_download.py", line 1014, in hf_hub_download
huggingface_hub.errors^^  File "/external/nfs/01-home/vsefishman/envs/genatator_pipeline/lib/python3.11/site-packages/huggingface_hub/file_download.py", line 1121, in _hf_hub_download_to_cache_dir


^^.LocalEntryNotFoundError    ^^  File "/external/nfs/01-home/vsefishman/envs/genatator_pipeline/lib/python3.11/site-packages/huggingface_hub/file_download.py", line 1014, in hf_hub_download
    The above exception was the direct cause of the following exception:
  File "/external/nfs/01-home/vsefishman/envs/genatator_pipeline/lib/python3.11/site-packages/huggingface_hub/file_download.py", line 1121, in _hf_hub_download_to_cache_dir
^^: Cannot find the requested files in the disk cache and outgoing traffic has been disabled. To enable hf.co look-ups and downloads online, set 'local_files_only' to False.return _hf_hub_download_to_cache_dir(

_raise_on_head_call_error(head_call_error, force_download, local_files_only)
    
^
    

   File "/external/nfs/01-home/vsefishman/envs/genatator_pipeline/lib/python3.11/site-packages/huggingface_hub/file_download.py", line 1121, in _hf_hub_download_to_cache_dir
  File "/external/nfs/01-home/vsefishman/envs/genatator_pipeline/lib/python3.11/site-packages/huggingface_hub/file_download.py", line 1653, in _raise_on_head_call_error
return _hf_hub_download_to_cache_dir(
Traceback (most recent call last):
  File "/external/nfs/01-home/vsefishman/envs/genatator_pipeline/lib/python3.11/site-packages/huggingface_hub/file_download.py", line 1014, in hf_hub_download
_raise_on_head_call_error(head_call_error, force_download, local_files_only)
The above exception was the direct cause of the following exception:
              File "<frozen runpy>", line 198, in _run_module_as_main
  File "<frozen runpy>", line 88, in _run_code
  File "/external/nfs/01-home/vsefishman/DNALM/GENATATOR/segmentation/train.py", line 8, in <module>
      _raise_on_head_call_error(head_call_error, force_download, local_files_only)
raise LocalEntryNotFoundError(
    File "/external/nfs/01-home/vsefishman/envs/genatator_pipeline/lib/python3.11/site-packages/huggingface_hub/file_download.py", line 1653, in _raise_on_head_call_error

Traceback (most recent call last):
return _hf_hub_download_to_cache_dir(
    File "/external/nfs/01-home/vsefishman/envs/genatator_pipeline/lib/python3.11/site-packages/huggingface_hub/file_download.py", line 1653, in _raise_on_head_call_error
huggingface_hub.errors      train_from_config(args.config, task="segmentation")      File "<frozen runpy>", line 198, in _run_module_as_main
   .LocalEntryNotFoundError      
raise LocalEntryNotFoundError(
  File "<frozen runpy>", line 88, in _run_code
    : Cannot find the requested files in the disk cache and outgoing traffic has been disabled. To enable hf.co look-ups and downloads online, set 'local_files_only' to False.raise LocalEntryNotFoundError(
    File "/external/nfs/01-home/vsefishman/DNALM/GENATATOR/genatator_core/train_common.py", line 455, in train_from_config
huggingface_hub.errors  File "/external/nfs/01-home/vsefishman/DNALM/GENATATOR/segmentation/train.py", line 8, in <module>
  ^^

huggingface_hub.errors ^    .LocalEntryNotFoundError      ^^The above exception was the direct cause of the following exception:
.LocalEntryNotFoundError^^tokenizer = make_tokenizer(model_cfg["tokenizer_path"], trust_remote_code=bool(model_cfg.get("trust_remote_code", True)))
: Cannot find the requested files in the disk cache and outgoing traffic has been disabled. To enable hf.co look-ups and downloads online, set 'local_files_only' to False.train_from_config(args.config, task="segmentation")
  ^^
: Cannot find the requested files in the disk cache and outgoing traffic has been disabled. To enable hf.co look-ups and downloads online, set 'local_files_only' to False.^^ 

  File "/external/nfs/01-home/vsefishman/DNALM/GENATATOR/genatator_core/train_common.py", line 455, in train_from_config
  ^^Traceback (most recent call last):


^^  The above exception was the direct cause of the following exception:
    ^^^^  File "<frozen runpy>", line 198, in _run_module_as_main
  File "<frozen runpy>", line 88, in _run_code
^^  
tokenizer = make_tokenizer(model_cfg["tokenizer_path"], trust_remote_code=bool(model_cfg.get("trust_remote_code", True)))
^^^^The above exception was the direct cause of the following exception:

  File "/external/nfs/01-home/vsefishman/DNALM/GENATATOR/segmentation/train.py", line 8, in <module>
^^  Traceback (most recent call last):
 ^^^^Traceback (most recent call last):
    ^^    File "<frozen runpy>", line 198, in _run_module_as_main
  ^^^^  File "<frozen runpy>", line 198, in _run_module_as_main
train_from_config(args.config, task="segmentation")
^^    File "<frozen runpy>", line 88, in _run_code
  ^^^^  File "<frozen runpy>", line 88, in _run_code
  File "/external/nfs/01-home/vsefishman/DNALM/GENATATOR/segmentation/train.py", line 8, in <module>
^^    File "/external/nfs/01-home/vsefishman/DNALM/GENATATOR/segmentation/train.py", line 8, in <module>
  ^^^^  File "/external/nfs/01-home/vsefishman/DNALM/GENATATOR/genatator_core/train_common.py", line 455, in train_from_config
    ^^        ^^^^    train_from_config(args.config, task="segmentation")
^^ ^train_from_config(args.config, task="segmentation")
  ^^^^tokenizer = make_tokenizer(model_cfg["tokenizer_path"], trust_remote_code=bool(model_cfg.get("trust_remote_code", True)))
  File "/external/nfs/01-home/vsefishman/DNALM/GENATATOR/genatator_core/train_common.py", line 455, in train_from_config
^^^^  File "/external/nfs/01-home/vsefishman/DNALM/GENATATOR/genatator_core/train_common.py", line 455, in train_from_config
  ^^^^     ^^^^      ^^^^  tokenizer = make_tokenizer(model_cfg["tokenizer_path"], trust_remote_code=bool(model_cfg.get("trust_remote_code", True)))
^^^^tokenizer = make_tokenizer(model_cfg["tokenizer_path"], trust_remote_code=bool(model_cfg.get("trust_remote_code", True)))
 ^^^^^   ^^^^ ^^^^
    ^
^^  ^^^^  File "/external/nfs/01-home/vsefishman/envs/genatator_pipeline/lib/python3.11/site-packages/huggingface_hub/file_download.py", line 1121, in _hf_hub_download_to_cache_dir
      File "/external/nfs/01-home/vsefishman/envs/genatator_pipeline/lib/python3.11/site-packages/huggingface_hub/file_download.py", line 1121, in _hf_hub_download_to_cache_dir
^^  ^^^^            ^^  ^^^^_raise_on_head_call_error(head_call_error, force_download, local_files_only)
    _raise_on_head_call_error(head_call_error, force_download, local_files_only)
^^  ^^
  File "/external/nfs/01-home/vsefishman/envs/genatator_pipeline/lib/python3.11/site-packages/huggingface_hub/file_download.py", line 1121, in _hf_hub_download_to_cache_dir
      File "/external/nfs/01-home/vsefishman/envs/genatator_pipeline/lib/python3.11/site-packages/huggingface_hub/file_download.py", line 1653, in _raise_on_head_call_error
^^  ^^  File "/external/nfs/01-home/vsefishman/envs/genatator_pipeline/lib/python3.11/site-packages/huggingface_hub/file_download.py", line 1653, in _raise_on_head_call_error
 ^          ^^  ^^    ^^_raise_on_head_call_error(head_call_error, force_download, local_files_only)
  raise LocalEntryNotFoundError(
^^  ^^raise LocalEntryNotFoundError(
^^  File "/external/nfs/01-home/vsefishman/envs/genatator_pipeline/lib/python3.11/site-packages/huggingface_hub/file_download.py", line 1653, in _raise_on_head_call_error
 ^huggingface_hub.errors^^ ^^^huggingface_hub.errors^^    ^^.LocalEntryNotFoundError^^^^^^.LocalEntryNotFoundError^^raise LocalEntryNotFoundError(
^^: Cannot find the requested files in the disk cache and outgoing traffic has been disabled. To enable hf.co look-ups and downloads online, set 'local_files_only' to False.^^^^^^: Cannot find the requested files in the disk cache and outgoing traffic has been disabled. To enable hf.co look-ups and downloads online, set 'local_files_only' to False.^^huggingface_hub.errors^^

^^^^^^

^^.LocalEntryNotFoundError^^The above exception was the direct cause of the following exception:
^^^^^^The above exception was the direct cause of the following exception:
^^: Cannot find the requested files in the disk cache and outgoing traffic has been disabled. To enable hf.co look-ups and downloads online, set 'local_files_only' to False.^^
^^^^^^
^^
^^Traceback (most recent call last):
^^^^^^Traceback (most recent call last):
^^
The above exception was the direct cause of the following exception:
^^  File "<frozen runpy>", line 198, in _run_module_as_main
^^^^^^  File "<frozen runpy>", line 198, in _run_module_as_main
^^
^^  File "<frozen runpy>", line 88, in _run_code
^^^^^^  File "<frozen runpy>", line 88, in _run_code
^^Traceback (most recent call last):
^^  File "/external/nfs/01-home/vsefishman/DNALM/GENATATOR/segmentation/train.py", line 8, in <module>
^^^^^^  File "/external/nfs/01-home/vsefishman/DNALM/GENATATOR/segmentation/train.py", line 8, in <module>
^^  File "<frozen runpy>", line 198, in _run_module_as_main
^^    ^^^^^^    ^^  File "<frozen runpy>", line 88, in _run_code
^^train_from_config(args.config, task="segmentation")
^^^^^^train_from_config(args.config, task="segmentation")
^^  File "/external/nfs/01-home/vsefishman/DNALM/GENATATOR/segmentation/train.py", line 8, in <module>
^^  File "/external/nfs/01-home/vsefishman/DNALM/GENATATOR/genatator_core/train_common.py", line 455, in train_from_config
^^^^^^  File "/external/nfs/01-home/vsefishman/DNALM/GENATATOR/genatator_core/train_common.py", line 455, in train_from_config
^^    ^^    ^^^^^^    ^^train_from_config(args.config, task="segmentation")
^^tokenizer = make_tokenizer(model_cfg["tokenizer_path"], trust_remote_code=bool(model_cfg.get("trust_remote_code", True)))
^^^^^^tokenizer = make_tokenizer(model_cfg["tokenizer_path"], trust_remote_code=bool(model_cfg.get("trust_remote_code", True)))
^^  File "/external/nfs/01-home/vsefishman/DNALM/GENATATOR/genatator_core/train_common.py", line 455, in train_from_config
^^ ^^^^^^ ^^    ^^  ^^^^^^  ^^tokenizer = make_tokenizer(model_cfg["tokenizer_path"], trust_remote_code=bool(model_cfg.get("trust_remote_code", True)))
^^  ^^^^^^  ^^ ^^  ^^^^^^  ^^  ^^  ^^^^^^  ^^  ^^  ^^^^^  ^^  ^^  ^^^^^^  ^^  ^^  ^^^^^^  ^^  ^^ ^^^^^^^ ^^^  ^^^^^^^^^^^^^^  ^^^^^^^^^^^^^^ ^^^^^^^^^^^^^^^^^^^^^^^^^^^^^^^^^^^^^^^^^^^^^^^^^^^^^^^^^^^^^^^^^^^^^^^^^^^^^^^^^^^^^^^^^^^^^^^^^^^^^^^^^^^^^^^^^^^^^^^^^^^^^^^^^^^^^^^^^^^^^^^^^^^^^^^^^^^^^^^^^^^^^^^^^^^^^^^^^^^^^^^^^^^^^^^^^^^^^^^^^^^^^^^^^^^^^^^^^^^^^^^^^^^^^^^^^^^^^^^^^^^^^^^^^^^^^^^^^^^^^^^^^^^^^^^^^^^^^
^^^^^^^^^^^^^^  File "/external/nfs/01-home/vsefishman/DNALM/GENATATOR/genatator_core/data.py", line 1428, in make_tokenizer
^^^^^^^^^^^^^^^^^^^^^^^^^^^^^^^
    tok = AutoTokenizer.from_pretrained(local_or_remote(path_or_repo), trust_remote_code=trust_remote_code, use_fast=True)^^^^^^^^^^^^
^^^^^^^^^^^^  File "/external/nfs/01-home/vsefishman/DNALM/GENATATOR/genatator_core/data.py", line 1428, in make_tokenizer
 ^^^^^^^^^^^^      ^^^^^^^^^^^^  tok = AutoTokenizer.from_pretrained(local_or_remote(path_or_repo), trust_remote_code=trust_remote_code, use_fast=True)
^^^^^^^^^^^^   ^^^^^^^^^^^^    ^^
^^^^^^^^ ^  ^^  File "/external/nfs/01-home/vsefishman/DNALM/GENATATOR/genatator_core/data.py", line 1428, in make_tokenizer
^^^^^^^^^^  ^^    ^^
  File "/external/nfs/01-home/vsefishman/DNALM/GENATATOR/genatator_core/data.py", line 1428, in make_tokenizer
^^
  File "/external/nfs/01-home/vsefishman/DNALM/GENATATOR/genatator_core/data.py", line 1428, in make_tokenizer
^^  ^^tok = AutoTokenizer.from_pretrained(local_or_remote(path_or_repo), trust_remote_code=trust_remote_code, use_fast=True)
^^    ^^    ^^ ^^^ ^^tok = AutoTokenizer.from_pretrained(local_or_remote(path_or_repo), trust_remote_code=trust_remote_code, use_fast=True)
^^tok = AutoTokenizer.from_pretrained(local_or_remote(path_or_repo), trust_remote_code=trust_remote_code, use_fast=True)
^^^^^^  ^^ ^^ ^^^^^^  ^^  ^^  ^^^^^^  ^^  ^^  ^^^^^^  ^^  ^^  ^^^^^^ ^^^  ^^  ^^^^^^^^^^ ^^^ ^^^^^^^^^^^^^^^^^^^^^^^^^^^^^^^^^^^^^^^^^^^^^^^^^^^^^^^^^^^^^^^^^^^^^^^^^^^^^^^^^^^^^^^^^^^^^^^^^^^^^^^^^^^^^^^^^^^^^^^^^^^^^^^^^^^^^^^^^^^^^^^^^^^^^^^^^^^^^^^^^^^^^^^^^^^^^^^^^^^^^^^^^^^^^^^^^^^^^^^^^^^^^^^^^^^^^^^^^^^^^^^^^^^^^^^^^^^^^
^^^^^^
^^^^^^  File "/external/nfs/01-home/vsefishman/DNALM/GENATATOR/genatator_core/data.py", line 1428, in make_tokenizer
^^^^^^  File "/external/nfs/01-home/vsefishman/DNALM/GENATATOR/genatator_core/data.py", line 1428, in make_tokenizer
^^^^^^    ^^^^^^    ^^
^^tok = AutoTokenizer.from_pretrained(local_or_remote(path_or_repo), trust_remote_code=trust_remote_code, use_fast=True)
^^^^^^tok = AutoTokenizer.from_pretrained(local_or_remote(path_or_repo), trust_remote_code=trust_remote_code, use_fast=True)
^^  File "/external/nfs/01-home/vsefishman/DNALM/GENATATOR/genatator_core/data.py", line 1428, in make_tokenizer
^^ ^^^^^^ ^^    ^^  ^^^^^^  ^^tok = AutoTokenizer.from_pretrained(local_or_remote(path_or_repo), trust_remote_code=trust_remote_code, use_fast=True)
^^  ^^^^^^  ^^ ^^  ^^^^^^  ^^  ^^  ^^^^^^  ^^  ^^ ^^^^^^^ ^^^  ^^^^^^^^^^^^^^  ^^^^^^^^^^^^^^ ^^^^^^^^^^^^^^^^^^^^^^^^^^^^^^^^^^^^^^^^^^^^^^^^^^^^^^^^^^^^^^^^^^^^^^^^^^^^^^^^^^^^^^^^^^^^^^^^^^^^^^^^^^^^^^^^^^^^^^^^^^^^^^^^^^^^^^^^^^^^^^^^^^^^^^^^^^^^^^^^^^^^^^^^^^^^^^^^^^^^^^^^^^^^^^^^^^^^^^^^^^^^^^^^^^^^^^^^^^^^^^^^^^^^^^^^^^^^^^^^^^^^^^^^^^^^^^^^^^^^^^^^^^^^^^^^^^^^^^^^^^^^^^^^^^^^^^^^^^^^^^^^^^^^^^^^
^^^^^^^^^^^^^^^^^^^^^^^^^^^^  File "/external/nfs/01-home/vsefishman/envs/genatator_pipeline/lib/python3.11/site-packages/transformers/models/auto/tokenization_auto.py", line 1109, in from_pretrained
^^^^^^^^^^^^^^    ^
^^^^^^^^^^^^config = AutoConfig.from_pretrained(
 ^^^^^^^^^^^^  File "/external/nfs/01-home/vsefishman/envs/genatator_pipeline/lib/python3.11/site-packages/transformers/models/auto/tokenization_auto.py", line 1109, in from_pretrained
  ^^^^^^^^^^^^      ^^^^^^^^^^^^config = AutoConfig.from_pretrained(
  ^^^^^^^^^^^^   ^^^
^^^^^^^^    ^^  File "/external/nfs/01-home/vsefishman/envs/genatator_pipeline/lib/python3.11/site-packages/transformers/models/auto/tokenization_auto.py", line 1109, in from_pretrained
^^^
^^^
    ^^    ^^  File "/external/nfs/01-home/vsefishman/envs/genatator_pipeline/lib/python3.11/site-packages/transformers/models/auto/tokenization_auto.py", line 1109, in from_pretrained
^^  File "/external/nfs/01-home/vsefishman/envs/genatator_pipeline/lib/python3.11/site-packages/transformers/models/auto/tokenization_auto.py", line 1109, in from_pretrained
  ^^^^config = AutoConfig.from_pretrained(
^^    ^^      ^^^^ ^^config = AutoConfig.from_pretrained(
^^config = AutoConfig.from_pretrained(
  ^^^^  ^^ ^^   ^^^^  ^^  ^^  ^^^^^^  ^^  ^^  ^^^^^^  ^^  ^^  ^^^^^^  ^^  ^^  ^^^^^^  ^^  ^^  ^^^^^^^^^^  ^^  ^^^^^^^^^^^^^^^^^^^^^^^^^^^^^^^^^^^^^^^^^^^^^^^^^^^^^^^^^^^^^^^^^^^
^^^^^^^^^^^^^^  File "/external/nfs/01-home/vsefishman/envs/genatator_pipeline/lib/python3.11/site-packages/transformers/models/auto/configuration_auto.py", line 1332, in from_pretrained
^^^^^^^^^^^^^^    ^^^^^^^^^^^^^^config_dict, unused_kwargs = PretrainedConfig.get_config_dict(pretrained_model_name_or_path, **kwargs)
^^^^^^^^^^^^^
 ^^^^^^^^^^^^  File "/external/nfs/01-home/vsefishman/envs/genatator_pipeline/lib/python3.11/site-packages/transformers/models/auto/configuration_auto.py", line 1332, in from_pretrained
  ^^^^^^^^^^^^      ^^^^^^^^^^^^config_dict, unused_kwargs = PretrainedConfig.get_config_dict(pretrained_model_name_or_path, **kwargs)
  ^^^^^^^^^^^^   ^^^
^^^^^^^^    ^^  File "/external/nfs/01-home/vsefishman/envs/genatator_pipeline/lib/python3.11/site-packages/transformers/models/auto/configuration_auto.py", line 1332, in from_pretrained
^^^
^
^
    ^
    ^^  File "/external/nfs/01-home/vsefishman/envs/genatator_pipeline/lib/python3.11/site-packages/transformers/models/auto/configuration_auto.py", line 1332, in from_pretrained
  File "/external/nfs/01-home/vsefishman/envs/genatator_pipeline/lib/python3.11/site-packages/transformers/models/auto/tokenization_auto.py", line 1109, in from_pretrained
  File "/external/nfs/01-home/vsefishman/envs/genatator_pipeline/lib/python3.11/site-packages/transformers/models/auto/configuration_auto.py", line 1332, in from_pretrained
      File "/external/nfs/01-home/vsefishman/envs/genatator_pipeline/lib/python3.11/site-packages/transformers/models/auto/tokenization_auto.py", line 1109, in from_pretrained
config_dict, unused_kwargs = PretrainedConfig.get_config_dict(pretrained_model_name_or_path, **kwargs)
^^                 ^
config = AutoConfig.from_pretrained(
config_dict, unused_kwargs = PretrainedConfig.get_config_dict(pretrained_model_name_or_path, **kwargs)
config_dict, unused_kwargs = PretrainedConfig.get_config_dict(pretrained_model_name_or_path, **kwargs)
        config = AutoConfig.from_pretrained(    File "/external/nfs/01-home/vsefishman/envs/genatator_pipeline/lib/python3.11/site-packages/transformers/models/auto/tokenization_auto.py", line 1109, in from_pretrained
      
                       config = AutoConfig.from_pretrained(
                                                                          ^        ^^    ^^        ^^^^  ^^        ^^^^  ^^  ^^    ^^^^  ^^  ^^  ^^^^^^  ^^  ^^  ^^^^^^  ^^  ^^  ^^^^^^  ^^  ^^  ^^^^^^  ^^  ^^  ^^^^^^^^^^  ^^  ^^^^^^^^^^^^^^^^^^^^^^^^^^^^^^^^^^^^^^^^^^^^^^^^^^^^^^^^^^^^^^^^^^^^^^^^
^^^^^^^^^^^
^^  File "/external/nfs/01-home/vsefishman/envs/genatator_pipeline/lib/python3.11/site-packages/transformers/models/auto/configuration_auto.py", line 1332, in from_pretrained
^^^^^^^^^^^^    ^^^
^^^^^^  File "/external/nfs/01-home/vsefishman/envs/genatator_pipeline/lib/python3.11/site-packages/transformers/models/auto/configuration_auto.py", line 1332, in from_pretrained
^^config_dict, unused_kwargs = PretrainedConfig.get_config_dict(pretrained_model_name_or_path, **kwargs)
^^  File "/external/nfs/01-home/vsefishman/envs/genatator_pipeline/lib/python3.11/site-packages/transformers/models/auto/configuration_auto.py", line 1332, in from_pretrained
^^^^^^^^     ^^    ^^^^^^^^config_dict, unused_kwargs = PretrainedConfig.get_config_dict(pretrained_model_name_or_path, **kwargs)
  ^^config_dict, unused_kwargs = PretrainedConfig.get_config_dict(pretrained_model_name_or_path, **kwargs)
^^^^^^^^   ^^ ^^^^^^^^    ^^  ^^^^^^^^    ^^  ^^^^^^^^    ^^  ^^^^^^^^    ^^  ^^^^^^^^    ^^  ^^^^^^^^    ^^  ^^^^^^^^    ^^  ^^^^^^^^    ^^  ^^^^^^^^    ^^  ^^^^^^^^    ^^  ^^^^^^^^    ^^  ^^^^^^^^    ^^  ^^^^^^^^    ^^  ^^^^^^^^    ^^  ^^^^^^^^  ^^^^  ^^^^^^^^  ^^^^  ^^^^^
^^^^^^^^^^^^^^  File "/external/nfs/01-home/vsefishman/envs/genatator_pipeline/lib/python3.11/site-packages/transformers/configuration_utils.py", line 662, in get_config_dict
^^^^^^^^^^^^^^^^    ^^^^^^^^^^^^^^config_dict, kwargs = cls._get_config_dict(pretrained_model_name_or_path, **kwargs)
^^^^^^^^^^^
^^ ^^^^^^^^^^  File "/external/nfs/01-home/vsefishman/envs/genatator_pipeline/lib/python3.11/site-packages/transformers/configuration_utils.py", line 662, in get_config_dict
^^  ^^^^^^^^^^    ^^  ^^^^^^^^^^config_dict, kwargs = cls._get_config_dict(pretrained_model_name_or_path, **kwargs)
^^  ^^^^^^^^^^ ^
  ^^^^^^^^^^    File "/external/nfs/01-home/vsefishman/envs/genatator_pipeline/lib/python3.11/site-packages/transformers/configuration_utils.py", line 662, in get_config_dict
  ^^^^^
^^^
        ^^^^  File "/external/nfs/01-home/vsefishman/envs/genatator_pipeline/lib/python3.11/site-packages/transformers/configuration_utils.py", line 662, in get_config_dict
^^  config_dict, kwargs = cls._get_config_dict(pretrained_model_name_or_path, **kwargs)
  ^^^^^^  File "/external/nfs/01-home/vsefishman/envs/genatator_pipeline/lib/python3.11/site-packages/transformers/configuration_utils.py", line 662, in get_config_dict
         ^^^^^^config_dict, kwargs = cls._get_config_dict(pretrained_model_name_or_path, **kwargs)
          ^^^^^^ config_dict, kwargs = cls._get_config_dict(pretrained_model_name_or_path, **kwargs)
      ^^^^^^         ^^^^^^          ^^^^^^         ^^^^^^^        ^^^^^^^^        ^^^^^^^^        ^^^^^^^^     ^  ^^^^^^^^    ^^  ^^^^^^^^    ^^  ^^^^^^^^    ^^  ^^^^^^^^    ^^ ^^^^^^^^^    ^^^^^^^^^^^^ ^  ^^^^^^^^^^^^^^ ^^^^^^^^^^^^^^^^^^^^^^^^^^^^^^^^^^^^^^^^^^^^^^^^^^^^^^^^^^^^^^^^^^^^^^^^^^^^^^^^^^^^^^^^^^^^^^^^^^^^^^^^^^
^^^^^^^^^^^^^^  File "/external/nfs/01-home/vsefishman/envs/genatator_pipeline/lib/python3.11/site-packages/transformers/configuration_utils.py", line 662, in get_config_dict
^^^^^^^^^^^^^
    ^
^^^^^^^^^^  File "/external/nfs/01-home/vsefishman/envs/genatator_pipeline/lib/python3.11/site-packages/transformers/configuration_utils.py", line 662, in get_config_dict
config_dict, kwargs = cls._get_config_dict(pretrained_model_name_or_path, **kwargs)
^^^^^^^^^^      File "/external/nfs/01-home/vsefishman/envs/genatator_pipeline/lib/python3.11/site-packages/transformers/configuration_utils.py", line 662, in get_config_dict
 ^^^^^^^^^^config_dict, kwargs = cls._get_config_dict(pretrained_model_name_or_path, **kwargs)
      ^^^^^^^^^^ config_dict, kwargs = cls._get_config_dict(pretrained_model_name_or_path, **kwargs)
  ^^^^^^^^^^     ^^^^^^^^^^      ^^^^^^^^^^      ^^^^^^^^^^      ^^^^^^^^^^      ^^^^^^^^^^      ^^^^^^^^^^      ^^^^^^^^
      ^^^^^^^^      ^^^^^^^^  File "/external/nfs/01-home/vsefishman/envs/genatator_pipeline/lib/python3.11/site-packages/transformers/configuration_utils.py", line 721, in _get_config_dict
      ^^^^^^^^         ^^^^^
^^resolved_config_file = cached_file(
    ^^^^^^  File "/external/nfs/01-home/vsefishman/envs/genatator_pipeline/lib/python3.11/site-packages/transformers/configuration_utils.py", line 721, in _get_config_dict
^^  ^  ^^^^^^    ^^  ^^ ^^^^^^^resolved_config_file = cached_file(
^^  ^^^^^^^^^^ 
  ^^^^^^^^^^    File "/external/nfs/01-home/vsefishman/envs/genatator_pipeline/lib/python3.11/site-packages/transformers/configuration_utils.py", line 721, in _get_config_dict
  ^^^^^^
^^        ^^^^^^  File "/external/nfs/01-home/vsefishman/envs/genatator_pipeline/lib/python3.11/site-packages/transformers/configuration_utils.py", line 721, in _get_config_dict

  resolved_config_file = cached_file(
  ^^^^^^  File "/external/nfs/01-home/vsefishman/envs/genatator_pipeline/lib/python3.11/site-packages/transformers/configuration_utils.py", line 721, in _get_config_dict
     ^^^^^^    resolved_config_file = cached_file(          ^^^^^^
resolved_config_file = cached_file(
      ^^^^^^        ^^^^^^          ^^^^^^          ^^^^^^          ^^^^^^        ^^^^^^^^        ^^^^^^^^        ^^^^^^^^    ^^  ^^^^^^^^    ^^  ^^^^^^^^    ^^  ^^^^^^^^    ^^  
^^^^^^    ^^^^  File "/external/nfs/01-home/vsefishman/envs/genatator_pipeline/lib/python3.11/site-packages/transformers/utils/hub.py", line 322, in cached_file
^^^^^^    ^^^^    ^^^^^^    
^^file = cached_files(path_or_repo_id=path_or_repo_id, filenames=[filename], **kwargs)
^^^^^^^^^^  File "/external/nfs/01-home/vsefishman/envs/genatator_pipeline/lib/python3.11/site-packages/transformers/utils/hub.py", line 322, in cached_file
^^ ^^^^^^^^^^    ^^  ^^^^^^^^^^file = cached_files(path_or_repo_id=path_or_repo_id, filenames=[filename], **kwargs)
^^  ^^^^^^^^^^ 
  File "/external/nfs/01-home/vsefishman/envs/genatator_pipeline/lib/python3.11/site-packages/transformers/utils/hub.py", line 322, in cached_file
  ^^^^^^^^^^        ^^^^^^^^^^  file = cached_files(path_or_repo_id=path_or_repo_id, filenames=[filename], **kwargs)
  ^^^^


  File "/external/nfs/01-home/vsefishman/envs/genatator_pipeline/lib/python3.11/site-packages/transformers/utils/hub.py", line 322, in cached_file
   ^^^^^^  File "/external/nfs/01-home/vsefishman/envs/genatator_pipeline/lib/python3.11/site-packages/transformers/configuration_utils.py", line 721, in _get_config_dict
  File "/external/nfs/01-home/vsefishman/envs/genatator_pipeline/lib/python3.11/site-packages/transformers/utils/hub.py", line 322, in cached_file
            ^^
^^resolved_config_file = cached_file(
 file = cached_files(path_or_repo_id=path_or_repo_id, filenames=[filename], **kwargs)
    ^^
    file = cached_files(path_or_repo_id=path_or_repo_id, filenames=[filename], **kwargs)   ^^  ^^  File "/external/nfs/01-home/vsefishman/envs/genatator_pipeline/lib/python3.11/site-packages/transformers/configuration_utils.py", line 721, in _get_config_dict

    ^^  ^^  File "/external/nfs/01-home/vsefishman/envs/genatator_pipeline/lib/python3.11/site-packages/transformers/configuration_utils.py", line 721, in _get_config_dict
         ^^  ^^      resolved_config_file = cached_file(
    ^^^^^^resolved_config_file = cached_file(
       ^^^^^^         ^^^^^^        ^^^^^^^^        ^^^^^^^^  ^^    ^^^^^^^^  ^^    ^^^^^^^^  ^^    ^^^^^^^^  ^^    ^^^^^^^^  ^^    ^^^^^^^^  ^^  ^^^^^^^^^^  ^^  ^^^^^^^^^^  ^^  ^^^^^^^^^^  ^^  ^^^^^^^^^^  ^^  ^^^^^^^^^^  ^^^^^^^^^^^^^^^^^^^^
^^^^^^^^^^^^^^  File "/external/nfs/01-home/vsefishman/envs/genatator_pipeline/lib/python3.11/site-packages/transformers/utils/hub.py", line 322, in cached_file
^^^^^^^^^^^^^^    ^^^^^^^^^^^^^^file = cached_files(path_or_repo_id=path_or_repo_id, filenames=[filename], **kwargs)
^^^^^^^^^^^^^^ ^^^^^^^^^^^^
  ^^^^^^^^
^^  File "/external/nfs/01-home/vsefishman/envs/genatator_pipeline/lib/python3.11/site-packages/transformers/utils/hub.py", line 322, in cached_file
  ^^^^^^^^  File "/external/nfs/01-home/vsefishman/envs/genatator_pipeline/lib/python3.11/site-packages/transformers/utils/hub.py", line 322, in cached_file
^^      ^^^^^^^^    ^^file = cached_files(path_or_repo_id=path_or_repo_id, filenames=[filename], **kwargs)
  ^^^^^^^^file = cached_files(path_or_repo_id=path_or_repo_id, filenames=[filename], **kwargs)
^^   ^^^^^^^^ ^^  ^^^^^^^^^^  ^^  ^^^^^^^^^^  ^^  ^^^^^^^^^^  ^^  ^^^^^^^^^^  ^^  ^^^^^^^^^^  ^^^^^^^^^^^^^^^^^^^^^^^^^^^^^
^^^^^^^^^^^^^^  File "/external/nfs/01-home/vsefishman/envs/genatator_pipeline/lib/python3.11/site-packages/transformers/utils/hub.py", line 553, in cached_files
^^^^^^^^^^^^^^    ^^^^^^^^^^^
^^raise OSError(
^^^^^^^^^^  File "/external/nfs/01-home/vsefishman/envs/genatator_pipeline/lib/python3.11/site-packages/transformers/utils/hub.py", line 553, in cached_files
^^OSError^^^^^^^^^^    ^^: We couldn't connect to 'https://huggingface.co' to load the files, and couldn't find them in the cached files.
Check your internet connection or see how to run the library in offline mode at 'https://huggingface.co/docs/transformers/installation#offline-mode'.^^^^^^^^^^raise OSError(
^

^^^^^^^^^^^^^OSError  File "/external/nfs/01-home/vsefishman/envs/genatator_pipeline/lib/python3.11/site-packages/transformers/utils/hub.py", line 553, in cached_files
^^^^^^: We couldn't connect to 'https://huggingface.co' to load the files, and couldn't find them in the cached files.
Check your internet connection or see how to run the library in offline mode at 'https://huggingface.co/docs/transformers/installation#offline-mode'.^    ^^^^^^

raise OSError(
^^^^^^  File "/external/nfs/01-home/vsefishman/envs/genatator_pipeline/lib/python3.11/site-packages/transformers/utils/hub.py", line 553, in cached_files
OSError^^^^^: ^^^
^^    ^We couldn't connect to 'https://huggingface.co' to load the files, and couldn't find them in the cached files.
Check your internet connection or see how to run the library in offline mode at 'https://huggingface.co/docs/transformers/installation#offline-mode'.^^^^raise OSError(
^^
^^  File "/external/nfs/01-home/vsefishman/envs/genatator_pipeline/lib/python3.11/site-packages/transformers/utils/hub.py", line 553, in cached_files
^OSError^^^^^^: ^^^^    raise OSError(^^We couldn't connect to 'https://huggingface.co' to load the files, and couldn't find them in the cached files.
Check your internet connection or see how to run the library in offline mode at 'https://huggingface.co/docs/transformers/installation#offline-mode'.
^^^
^^^^^OSError^^^^^: We couldn't connect to 'https://huggingface.co' to load the files, and couldn't find them in the cached files.
Check your internet connection or see how to run the library in offline mode at 'https://huggingface.co/docs/transformers/installation#offline-mode'.^^^^^^
^^^^^^^^^^^^^^^^^^^^^^^^^^^^^^^^^^^^^^^^^^^^^^^^^^^^^^^^^^^^^^^^^^^^^^^^^^^^^^^^^^^^^^^^^^^
^^^^^^^^  File "/external/nfs/01-home/vsefishman/envs/genatator_pipeline/lib/python3.11/site-packages/transformers/utils/hub.py", line 553, in cached_files
^^^^
^^    raise OSError(^

  File "/external/nfs/01-home/vsefishman/envs/genatator_pipeline/lib/python3.11/site-packages/transformers/utils/hub.py", line 553, in cached_files
  File "/external/nfs/01-home/vsefishman/envs/genatator_pipeline/lib/python3.11/site-packages/transformers/utils/hub.py", line 553, in cached_files
OSError: We couldn't connect to 'https://huggingface.co' to load the files, and couldn't find them in the cached files.
Check your internet connection or see how to run the library in offline mode at 'https://huggingface.co/docs/transformers/installation#offline-mode'.    raise OSError(    

raise OSError(
OSErrorOSError: We couldn't connect to 'https://huggingface.co' to load the files, and couldn't find them in the cached files.
Check your internet connection or see how to run the library in offline mode at 'https://huggingface.co/docs/transformers/installation#offline-mode'.: We couldn't connect to 'https://huggingface.co' to load the files, and couldn't find them in the cached files.
Check your internet connection or see how to run the library in offline mode at 'https://huggingface.co/docs/transformers/installation#offline-mode'.

[2026-07-16 21:43:21,387] torch.distributed.elastic.multiprocessing.api: [ERROR] failed (exitcode: 1) local_rank: 0 (pid: 1080336) of binary: /external/nfs/01-home/vsefishman/envs/genatator_pipeline/bin/python3.11
Traceback (most recent call last):
  File "/external/nfs/01-home/vsefishman/envs/genatator_pipeline/bin/torchrun", line 6, in <module>
    sys.exit(main())
             ^^^^^^
  File "/external/nfs/01-home/vsefishman/envs/genatator_pipeline/lib/python3.11/site-packages/torch/distributed/elastic/multiprocessing/errors/__init__.py", line 347, in wrapper
    return f(*args, **kwargs)
           ^^^^^^^^^^^^^^^^^^
  File "/external/nfs/01-home/vsefishman/envs/genatator_pipeline/lib/python3.11/site-packages/torch/distributed/run.py", line 812, in main
    run(args)
  File "/external/nfs/01-home/vsefishman/envs/genatator_pipeline/lib/python3.11/site-packages/torch/distributed/run.py", line 803, in run
    elastic_launch(
  File "/external/nfs/01-home/vsefishman/envs/genatator_pipeline/lib/python3.11/site-packages/torch/distributed/launcher/api.py", line 135, in __call__
    return launch_agent(self._config, self._entrypoint, list(args))
           ^^^^^^^^^^^^^^^^^^^^^^^^^^^^^^^^^^^^^^^^^^^^^^^^^^^^^^^^
  File "/external/nfs/01-home/vsefishman/envs/genatator_pipeline/lib/python3.11/site-packages/torch/distributed/launcher/api.py", line 268, in launch_agent
    raise ChildFailedError(
torch.distributed.elastic.multiprocessing.errors.ChildFailedError: 
============================================================
segmentation.train FAILED
------------------------------------------------------------
Failures:
[1]:
  time      : 2026-07-16_21:43:21
  host      : hgx255.gigalearn.internal
  rank      : 1 (local_rank: 1)
  exitcode  : 1 (pid: 1080337)
  error_file: <N/A>
  traceback : To enable traceback see: https://pytorch.org/docs/stable/elastic/errors.html
[2]:
  time      : 2026-07-16_21:43:21
  host      : hgx255.gigalearn.internal
  rank      : 2 (local_rank: 2)
  exitcode  : 1 (pid: 1080338)
  error_file: <N/A>
  traceback : To enable traceback see: https://pytorch.org/docs/stable/elastic/errors.html
[3]:
  time      : 2026-07-16_21:43:21
  host      : hgx255.gigalearn.internal
  rank      : 3 (local_rank: 3)
  exitcode  : 1 (pid: 1080339)
  error_file: <N/A>
  traceback : To enable traceback see: https://pytorch.org/docs/stable/elastic/errors.html
[4]:
  time      : 2026-07-16_21:43:21
  host      : hgx255.gigalearn.internal
  rank      : 4 (local_rank: 4)
  exitcode  : 1 (pid: 1080340)
  error_file: <N/A>
  traceback : To enable traceback see: https://pytorch.org/docs/stable/elastic/errors.html
[5]:
  time      : 2026-07-16_21:43:21
  host      : hgx255.gigalearn.internal
  rank      : 5 (local_rank: 5)
  exitcode  : 1 (pid: 1080341)
  error_file: <N/A>
  traceback : To enable traceback see: https://pytorch.org/docs/stable/elastic/errors.html
[6]:
  time      : 2026-07-16_21:43:21
  host      : hgx255.gigalearn.internal
  rank      : 6 (local_rank: 6)
  exitcode  : 1 (pid: 1080342)
  error_file: <N/A>
  traceback : To enable traceback see: https://pytorch.org/docs/stable/elastic/errors.html
[7]:
  time      : 2026-07-16_21:43:21
  host      : hgx255.gigalearn.internal
  rank      : 7 (local_rank: 7)
  exitcode  : 1 (pid: 1080343)
  error_file: <N/A>
  traceback : To enable traceback see: https://pytorch.org/docs/stable/elastic/errors.html
------------------------------------------------------------
Root Cause (first observed failure):
[0]:
  time      : 2026-07-16_21:43:21
  host      : hgx255.gigalearn.internal
  rank      : 0 (local_rank: 0)
  exitcode  : 1 (pid: 1080336)
  error_file: <N/A>
  traceback : To enable traceback see: https://pytorch.org/docs/stable/elastic/errors.html
============================================================
